<?xml version="1.0" encoding="UTF-8"?>
<!-- Generated by org.testng.reporters.JUnitReportReporter -->
<testsuite hostname="DESKTOP-1UJP861" name="MobileCloudComputing.AppTest" tests="1" failures="0" timestamp="17 Sep 2017 10:43:56 GMT" time="37.828" errors="0">
  <testcase name="VisionExerciseTest" time="37.828" classname="MobileCloudComputing.AppTest"/>
</testsuite> <!-- MobileCloudComputing.AppTest -->
