<?xml version="1.0" encoding="UTF-8"?>
<!-- Generated by org.testng.reporters.JUnitReportReporter -->
<testsuite hostname="cs-114" name="MobileCloudComputing.AppTest" tests="1" failures="0" timestamp="27 Sep 2017 09:08:35 GMT" time="7.150" errors="0">
  <testcase name="HelloUserTest" time="7.150" classname="MobileCloudComputing.AppTest"/>
</testsuite> <!-- MobileCloudComputing.AppTest -->
