<?xml version="1.0" encoding="UTF-8"?>
<!-- Generated by org.testng.reporters.JUnitReportReporter -->
<testsuite hostname="DESKTOP-1UJP861" name="MobileCloudComputing.AppTest" tests="1" failures="0" timestamp="7 Sep 2017 10:57:36 GMT" time="25.693" errors="0">
  <testcase name="barcodeTest" time="25.693" classname="MobileCloudComputing.AppTest"/>
</testsuite> <!-- MobileCloudComputing.AppTest -->
