<?xml version="1.0" encoding="UTF-8"?>
<!-- Generated by org.testng.reporters.JUnitReportReporter -->
<testsuite hostname="cs-114" name="MobileCloudComputing.AppTest" tests="1" failures="0" timestamp="27 Sep 2017 13:35:46 GMT" time="12.034" errors="0">
  <testcase name="QRCodeTest" time="12.034" classname="MobileCloudComputing.AppTest"/>
</testsuite> <!-- MobileCloudComputing.AppTest -->
