<?xml version="1.0" encoding="UTF-8"?>
<!-- Generated by org.testng.reporters.JUnitReportReporter -->
<testsuite skipped="0" hostname="manoj-ubuntu" name="MobileCloudComputing.AppTest" tests="1" failures="0" timestamp="30 Aug 2017 12:52:08 GMT" time="20.167" errors="0">
  <testcase name="HelloUserTest" time="20.167" classname="MobileCloudComputing.AppTest"/>
</testsuite> <!-- MobileCloudComputing.AppTest -->
