<?xml version="1.0" encoding="UTF-8"?>
<!-- Generated by org.testng.reporters.JUnitReportReporter -->
<testsuite hostname="DESKTOP-1UJP861" name="MobileCloudComputing.AppTest" tests="1" failures="0" timestamp="6 Sep 2017 14:22:27 GMT" time="30.235" errors="0">
  <testcase name="ImageExerciseTest" time="30.235" classname="MobileCloudComputing.AppTest"/>
</testsuite> <!-- MobileCloudComputing.AppTest -->
