<?xml version="1.0" encoding="UTF-8"?>
<!-- Generated by org.testng.reporters.JUnitReportReporter -->
<testsuite hostname="cs-114" name="MobileCloudComputing.AppTest" tests="1" failures="0" timestamp="27 Sep 2017 13:37:58 GMT" time="11.194" errors="0">
  <testcase name="ImageExerciseTest" time="11.194" classname="MobileCloudComputing.AppTest"/>
</testsuite> <!-- MobileCloudComputing.AppTest -->
